SF:lib/example_app.dart
DA:21,0
DA:25,0
DA:27,1
DA:28,1
DA:30,1
DA:31,1
DA:33,0
DA:34,0
DA:37,0
DA:39,1
DA:42,1
DA:45,1
DA:46,1
DA:47,1
DA:48,0
DA:49,1
DA:50,1
DA:51,0
DA:52,0
DA:53,0
DA:54,0
DA:60,1
DA:61,1
DA:62,0
DA:65,3
DA:66,1
DA:67,1
DA:68,1
DA:70,1
DA:73,0
DA:74,0
DA:75,1
DA:76,2
DA:77,0
DA:78,0
DA:79,0
DA:80,0
DA:82,0
DA:83,0
DA:84,0
DA:86,0
DA:89,0
DA:92,0
DA:93,0
DA:98,1
DA:99,1
DA:100,1
DA:102,1
DA:105,2
DA:106,1
DA:109,1
DA:110,1
DA:111,0
DA:116,0
DA:117,0
DA:118,0
DA:120,0
DA:122,0
DA:126,0
DA:127,0
DA:132,0
DA:133,0
DA:134,0
DA:136,0
DA:137,0
DA:138,0
DA:139,0
DA:151,0
DA:154,0
DA:155,0
LF:70
LH:28
end_of_record
SF:lib/auth/example_auth_repository.dart
DA:9,0
DA:10,0
DA:12,0
DA:14,0
DA:15,0
DA:18,0
DA:21,0
DA:26,0
DA:27,0
DA:28,0
DA:31,0
DA:33,0
DA:34,0
DA:37,0
DA:40,0
DA:41,0
DA:43,0
DA:45,0
DA:46,0
DA:49,0
DA:51,0
DA:52,0
LF:22
LH:0
end_of_record
SF:lib/environment/example_environment.dart
DA:5,2
DA:8,2
DA:10,0
DA:12,0
DA:15,0
DA:19,0
DA:22,0
DA:23,0
LF:8
LH:2
end_of_record
SF:lib/example_home_screen.dart
DA:9,1
DA:11,0
DA:12,0
DA:19,0
DA:21,0
DA:22,0
DA:26,0
DA:31,0
DA:33,0
DA:40,0
DA:42,0
DA:43,0
DA:47,0
DA:49,0
DA:50,0
DA:51,0
DA:54,0
DA:56,0
DA:57,0
DA:58,0
DA:59,0
DA:60,0
DA:64,0
DA:65,0
DA:66,0
DA:70,0
DA:71,0
DA:72,0
DA:76,0
DA:77,0
DA:78,0
DA:82,0
DA:83,0
DA:84,0
DA:85,0
DA:89,0
DA:90,0
DA:91,0
DA:95,0
DA:97,0
DA:98,0
DA:99,0
DA:103,0
DA:104,0
DA:107,0
DA:109,0
DA:110,0
DA:115,0
DA:116,0
DA:117,0
DA:118,0
LF:51
LH:1
end_of_record
SF:lib/splash/example_animated_splash_widget.dart
DA:7,1
DA:9,0
DA:11,0
DA:16,0
DA:18,0
DA:19,0
DA:20,0
DA:21,0
DA:25,0
DA:26,0
DA:33,0
DA:35,0
DA:36,0
DA:37,0
DA:38,0
DA:40,0
DA:41,0
DA:42,0
DA:43,0
DA:44,0
DA:46,0
DA:48,0
DA:49,0
LF:23
LH:1
end_of_record
